apiDemos/build/outputs/logs/manifest-merger-debug-report.txt
-- Merging decision tree log ---
manifest
ADDED from src/main/AndroidManifest.xml:22:1-3237:12
INJECTED from src/main/AndroidManifest.xml:22:1-3237:12
INJECTED from src/main/AndroidManifest.xml:22:1-3237:12
INJECTED from src/main/AndroidManifest.xml:22:1-3237:12
INJECTED from src/main/AndroidManifest.xml:22:1-3237:12
INJECTED from src/main/AndroidManifest.xml:22:1-3237:12
INJECTED from src/main/AndroidManifest.xml:22:1-3237:12
	package
		ADDED from src/main/AndroidManifest.xml:23:5-39
		INJECTED from src/main/AndroidManifest.xml
		INJECTED from src/main/AndroidManifest.xml
	android:versionName
		INJECTED from src/main/AndroidManifest.xml
		ADDED from src/main/AndroidManifest.xml:22:1-3237:12
		INJECTED from src/main/AndroidManifest.xml
	android:versionCode
		INJECTED from src/main/AndroidManifest.xml
		ADDED from src/main/AndroidManifest.xml:22:1-3237:12
		INJECTED from src/main/AndroidManifest.xml
	xmlns:android
		ADDED from src/main/AndroidManifest.xml:22:11-69
	android:installLocation
		ADDED from src/main/AndroidManifest.xml:24:5-35
uses-permission#android.permission.READ_CONTACTS
ADDED from src/main/AndroidManifest.xml:26:5-72
	android:name
		ADDED from src/main/AndroidManifest.xml:26:22-69
uses-permission#android.permission.WRITE_CONTACTS
ADDED from src/main/AndroidManifest.xml:27:5-73
	android:name
		ADDED from src/main/AndroidManifest.xml:27:22-70
uses-permission#android.permission.VIBRATE
ADDED from src/main/AndroidManifest.xml:28:5-66
	android:name
		ADDED from src/main/AndroidManifest.xml:28:22-63
uses-permission#android.permission.ACCESS_COARSE_LOCATION
ADDED from src/main/AndroidManifest.xml:29:5-81
	android:name
		ADDED from src/main/AndroidManifest.xml:29:22-78
uses-permission#android.permission.INTERNET
ADDED from src/main/AndroidManifest.xml:30:5-67
	android:name
		ADDED from src/main/AndroidManifest.xml:30:22-64
uses-permission#android.permission.SET_WALLPAPER
ADDED from src/main/AndroidManifest.xml:31:5-72
	android:name
		ADDED from src/main/AndroidManifest.xml:31:22-69
uses-permission#android.permission.WRITE_EXTERNAL_STORAGE
ADDED from src/main/AndroidManifest.xml:32:5-81
	android:name
		ADDED from src/main/AndroidManifest.xml:32:22-78
uses-permission#android.permission.SEND_SMS
ADDED from src/main/AndroidManifest.xml:33:5-67
	android:name
		ADDED from src/main/AndroidManifest.xml:33:22-64
uses-permission#android.permission.RECEIVE_SMS
ADDED from src/main/AndroidManifest.xml:34:5-70
	android:name
		ADDED from src/main/AndroidManifest.xml:34:22-67
uses-permission#android.permission.RECEIVE_MMS
ADDED from src/main/AndroidManifest.xml:35:5-69
	android:name
		ADDED from src/main/AndroidManifest.xml:35:22-67
uses-permission#android.permission.WRITE_SMS
ADDED from src/main/AndroidManifest.xml:36:5-67
	android:name
		ADDED from src/main/AndroidManifest.xml:36:22-65
uses-permission#android.permission.READ_SMS
ADDED from src/main/AndroidManifest.xml:37:5-66
	android:name
		ADDED from src/main/AndroidManifest.xml:37:22-64
uses-permission#android.permission.NFC
ADDED from src/main/AndroidManifest.xml:38:5-62
	android:name
		ADDED from src/main/AndroidManifest.xml:38:22-59
uses-permission#android.permission.TRANSMIT_IR
ADDED from src/main/AndroidManifest.xml:39:5-70
	android:name
		ADDED from src/main/AndroidManifest.xml:39:22-67
uses-permission#android.permission.READ_PHONE_STATE
ADDED from src/main/AndroidManifest.xml:40:5-74
	android:name
		ADDED from src/main/AndroidManifest.xml:40:22-72
uses-permission#android.permission.WAKE_LOCK
ADDED from src/main/AndroidManifest.xml:41:5-67
	android:name
		ADDED from src/main/AndroidManifest.xml:41:22-65
uses-permission#android.permission.RECORD_AUDIO
ADDED from src/main/AndroidManifest.xml:45:5-71
	android:name
		ADDED from src/main/AndroidManifest.xml:45:22-68
uses-permission#android.permission.CAMERA
ADDED from src/main/AndroidManifest.xml:49:5-65
	android:name
		ADDED from src/main/AndroidManifest.xml:49:22-62
uses-feature#android.hardware.camera
ADDED from src/main/AndroidManifest.xml:50:5-60
	android:name
		ADDED from src/main/AndroidManifest.xml:50:19-57
uses-feature#android.hardware.camera.autofocus
ADDED from src/main/AndroidManifest.xml:51:5-95
	android:required
		ADDED from src/main/AndroidManifest.xml:51:68-92
	android:name
		ADDED from src/main/AndroidManifest.xml:51:19-67
application
ADDED from src/main/AndroidManifest.xml:53:5-3231:19
uses-library#com.example.will.never.exist
ADDED from src/main/AndroidManifest.xml:57:9-94
	android:required
		ADDED from src/main/AndroidManifest.xml:57:67-91
	android:name
		ADDED from src/main/AndroidManifest.xml:57:23-66
activity#com.example.android.apis.app.HelloWorld
ADDED from src/main/AndroidManifest.xml:65:9-70:20
	android:label
		ADDED from src/main/AndroidManifest.xml:65:50-94
	android:name
		ADDED from src/main/AndroidManifest.xml:65:19-49
intent-filter#action:name:android.intent.action.MAIN+category:name:android.intent.category.SAMPLE_CODE
ADDED from src/main/AndroidManifest.xml:66:13-69:29
action#android.intent.action.MAIN
ADDED from src/main/AndroidManifest.xml:67:17-69
	android:name
		ADDED from src/main/AndroidManifest.xml:67:25-66
category#android.intent.category.SAMPLE_CODE
ADDED from src/main/AndroidManifest.xml:68:17-80
	android:name
		ADDED from src/main/AndroidManifest.xml:68:27-77
activity#com.example.android.apis.app.DialogActivity
ADDED from src/main/AndroidManifest.xml:72:9-79:20
	android:label
		ADDED from src/main/AndroidManifest.xml:73:17-56
	android:theme
		ADDED from src/main/AndroidManifest.xml:74:17-58
	android:name
		ADDED from src/main/AndroidManifest.xml:72:19-53
activity#com.example.android.apis.app.CustomDialogActivity
ADDED from src/main/AndroidManifest.xml:81:9-88:20
	android:label
		ADDED from src/main/AndroidManifest.xml:82:17-63
	android:theme
		ADDED from src/main/AndroidManifest.xml:83:17-58
	android:name
		ADDED from src/main/AndroidManifest.xml:81:19-59
activity#com.example.android.apis.app.OverscanActivity
ADDED from src/main/AndroidManifest.xml:90:9-98:20
	android:enabled
		ADDED from src/main/AndroidManifest.xml:93:17-60
	android:label
		ADDED from src/main/AndroidManifest.xml:91:17-58
	android:theme
		ADDED from src/main/AndroidManifest.xml:92:17-79
	android:name
		ADDED from src/main/AndroidManifest.xml:90:19-55
activity#com.example.android.apis.app.QuickContactsDemo
ADDED from src/main/AndroidManifest.xml:100:8-106:20
	android:label
		ADDED from src/main/AndroidManifest.xml:101:17-60
	android:name
		ADDED from src/main/AndroidManifest.xml:100:18-55
activity#com.example.android.apis.app.WallpaperActivity
ADDED from src/main/AndroidManifest.xml:108:9-115:20
	android:label
		ADDED from src/main/AndroidManifest.xml:109:17-59
	android:theme
		ADDED from src/main/AndroidManifest.xml:110:17-55
	android:name
		ADDED from src/main/AndroidManifest.xml:108:19-56
activity#com.example.android.apis.app.TranslucentActivity
ADDED from src/main/AndroidManifest.xml:117:9-124:20
	android:label
		ADDED from src/main/AndroidManifest.xml:118:17-61
	android:theme
		ADDED from src/main/AndroidManifest.xml:119:17-57
	android:name
		ADDED from src/main/AndroidManifest.xml:117:19-58
activity#com.example.android.apis.app.TranslucentBlurActivity
ADDED from src/main/AndroidManifest.xml:126:9-133:20
	android:label
		ADDED from src/main/AndroidManifest.xml:127:17-66
	android:theme
		ADDED from src/main/AndroidManifest.xml:128:17-57
	android:name
		ADDED from src/main/AndroidManifest.xml:126:19-62
activity#com.example.android.apis.app.Animation
ADDED from src/main/AndroidManifest.xml:135:9-140:20
	android:label
		ADDED from src/main/AndroidManifest.xml:135:49-91
	android:name
		ADDED from src/main/AndroidManifest.xml:135:19-48
activity#com.example.android.apis.app.SaveRestoreState
ADDED from src/main/AndroidManifest.xml:142:9-149:20
	android:label
		ADDED from src/main/AndroidManifest.xml:143:17-62
	android:windowSoftInputMode
		ADDED from src/main/AndroidManifest.xml:144:17-72
	android:name
		ADDED from src/main/AndroidManifest.xml:142:19-55
activity#com.example.android.apis.app.PersistentState
ADDED from src/main/AndroidManifest.xml:151:9-158:20
	android:label
		ADDED from src/main/AndroidManifest.xml:152:17-60
	android:windowSoftInputMode
		ADDED from src/main/AndroidManifest.xml:153:17-72
	android:name
		ADDED from src/main/AndroidManifest.xml:151:19-54
activity#com.example.android.apis.app.ActivityRecreate
ADDED from src/main/AndroidManifest.xml:160:9-167:20
	android:enabled
		ADDED from src/main/AndroidManifest.xml:162:17-57
	android:label
		ADDED from src/main/AndroidManifest.xml:161:17-58
	android:name
		ADDED from src/main/AndroidManifest.xml:160:19-55
activity#com.example.android.apis.app.FinishAffinity
ADDED from src/main/AndroidManifest.xml:169:9-177:20
	android:enabled
		ADDED from src/main/AndroidManifest.xml:172:17-57
	android:label
		ADDED from src/main/AndroidManifest.xml:170:17-65
	android:taskAffinity
		ADDED from src/main/AndroidManifest.xml:171:17-50
	android:name
		ADDED from src/main/AndroidManifest.xml:169:19-53
activity#com.example.android.apis.app.SoftInputModes
ADDED from src/main/AndroidManifest.xml:179:9-185:20
	android:label
		ADDED from src/main/AndroidManifest.xml:180:17-57
	android:name
		ADDED from src/main/AndroidManifest.xml:179:19-53
activity#com.example.android.apis.app.ReceiveResult
ADDED from src/main/AndroidManifest.xml:187:9-192:20
	android:label
		ADDED from src/main/AndroidManifest.xml:187:53-100
	android:name
		ADDED from src/main/AndroidManifest.xml:187:19-52
activity#com.example.android.apis.app.SendResult
ADDED from src/main/AndroidManifest.xml:194:9-196:20
	android:theme
		ADDED from src/main/AndroidManifest.xml:195:17-60
	android:name
		ADDED from src/main/AndroidManifest.xml:194:19-49
activity#com.example.android.apis.app.Forwarding
ADDED from src/main/AndroidManifest.xml:198:9-203:20
	android:label
		ADDED from src/main/AndroidManifest.xml:198:50-93
	android:name
		ADDED from src/main/AndroidManifest.xml:198:19-49
activity#com.example.android.apis.app.ForwardTarget
ADDED from src/main/AndroidManifest.xml:205:9-206:20
	android:name
		ADDED from src/main/AndroidManifest.xml:205:19-52
activity#com.example.android.apis.app.RedirectEnter
ADDED from src/main/AndroidManifest.xml:208:9-213:20
	android:label
		ADDED from src/main/AndroidManifest.xml:208:53-94
	android:name
		ADDED from src/main/AndroidManifest.xml:208:19-52
activity#com.example.android.apis.app.RedirectMain
ADDED from src/main/AndroidManifest.xml:215:9-216:20
	android:name
		ADDED from src/main/AndroidManifest.xml:215:19-51
activity#com.example.android.apis.app.RedirectGetter
ADDED from src/main/AndroidManifest.xml:218:9-219:20
	android:name
		ADDED from src/main/AndroidManifest.xml:218:19-53
activity#com.example.android.apis.app.CustomTitle
ADDED from src/main/AndroidManifest.xml:223:9-231:20
	android:label
		ADDED from src/main/AndroidManifest.xml:224:17-62
	android:windowSoftInputMode
		ADDED from src/main/AndroidManifest.xml:225:17-69
	android:theme
		ADDED from src/main/AndroidManifest.xml:226:17-53
	android:name
		ADDED from src/main/AndroidManifest.xml:223:19-50
activity#com.example.android.apis.app.ReorderOnLaunch
ADDED from src/main/AndroidManifest.xml:233:9-239:20
	android:label
		ADDED from src/main/AndroidManifest.xml:234:17-57
	android:name
		ADDED from src/main/AndroidManifest.xml:233:19-54
activity#com.example.android.apis.app.RotationAnimation
ADDED from src/main/AndroidManifest.xml:241:9-248:20
	android:label
		ADDED from src/main/AndroidManifest.xml:242:17-68
	android:rotationAnimation
		ADDED from src/main/AndroidManifest.xml:243:17-54
	android:name
		ADDED from src/main/AndroidManifest.xml:241:19-56
activity#com.example.android.apis.app.ReorderTwo
ADDED from src/main/AndroidManifest.xml:250:9-52
	android:name
		ADDED from src/main/AndroidManifest.xml:250:19-49
activity#com.example.android.apis.app.ReorderThree
ADDED from src/main/AndroidManifest.xml:251:9-54
	android:name
		ADDED from src/main/AndroidManifest.xml:251:19-51
activity#com.example.android.apis.app.ReorderFour
ADDED from src/main/AndroidManifest.xml:252:9-53
	android:name
		ADDED from src/main/AndroidManifest.xml:252:19-50
activity#com.example.android.apis.app.SetWallpaperActivity
ADDED from src/main/AndroidManifest.xml:254:9-260:20
	android:label
		ADDED from src/main/AndroidManifest.xml:255:19-64
	android:name
		ADDED from src/main/AndroidManifest.xml:254:19-59
activity#com.example.android.apis.app.ScreenOrientation
ADDED from src/main/AndroidManifest.xml:262:9-268:20
	android:label
		ADDED from src/main/AndroidManifest.xml:263:19-70
	android:name
		ADDED from src/main/AndroidManifest.xml:262:19-56
activity#com.example.android.apis.app.PresentationActivity
ADDED from src/main/AndroidManifest.xml:270:9-276:20
	android:label
		ADDED from src/main/AndroidManifest.xml:271:17-62
	android:name
		ADDED from src/main/AndroidManifest.xml:270:19-59
activity#com.example.android.apis.app.PresentationWithMediaRouterActivity
ADDED from src/main/AndroidManifest.xml:278:9-284:20
	android:label
		ADDED from src/main/AndroidManifest.xml:279:17-80
	android:name
		ADDED from src/main/AndroidManifest.xml:278:19-74
activity#com.example.android.apis.app.SecureWindowActivity
ADDED from src/main/AndroidManifest.xml:286:9-292:20
	android:label
		ADDED from src/main/AndroidManifest.xml:287:17-63
	android:name
		ADDED from src/main/AndroidManifest.xml:286:19-59
activity#com.example.android.apis.app.SecureDialogActivity
ADDED from src/main/AndroidManifest.xml:294:9-300:20
	android:label
		ADDED from src/main/AndroidManifest.xml:295:17-63
	android:name
		ADDED from src/main/AndroidManifest.xml:294:19-59
activity#com.example.android.apis.app.SecureSurfaceViewActivity
ADDED from src/main/AndroidManifest.xml:302:9-308:20
	android:label
		ADDED from src/main/AndroidManifest.xml:303:17-69
	android:name
		ADDED from src/main/AndroidManifest.xml:302:19-64
activity#com.example.android.apis.app.FragmentAlertDialog
ADDED from src/main/AndroidManifest.xml:312:9-319:20
	android:enabled
		ADDED from src/main/AndroidManifest.xml:314:17-57
	android:label
		ADDED from src/main/AndroidManifest.xml:313:17-62
	android:name
		ADDED from src/main/AndroidManifest.xml:312:19-58
activity#com.example.android.apis.app.FragmentArguments
ADDED from src/main/AndroidManifest.xml:321:9-328:20
	android:enabled
		ADDED from src/main/AndroidManifest.xml:323:17-57
	android:label
		ADDED from src/main/AndroidManifest.xml:322:17-59
	android:name
		ADDED from src/main/AndroidManifest.xml:321:19-56
activity#com.example.android.apis.app.FragmentCustomAnimations
ADDED from src/main/AndroidManifest.xml:330:9-337:20
	android:enabled
		ADDED from src/main/AndroidManifest.xml:332:17-60
	android:label
		ADDED from src/main/AndroidManifest.xml:331:17-67
	android:name
		ADDED from src/main/AndroidManifest.xml:330:19-63
activity#com.example.android.apis.app.FragmentHideShow
ADDED from src/main/AndroidManifest.xml:339:9-347:20
	android:enabled
		ADDED from src/main/AndroidManifest.xml:342:17-57
	android:label
		ADDED from src/main/AndroidManifest.xml:340:17-59
	android:windowSoftInputMode
		ADDED from src/main/AndroidManifest.xml:341:17-61
	android:name
		ADDED from src/main/AndroidManifest.xml:339:19-55
activity#com.example.android.apis.app.FragmentContextMenu
ADDED from src/main/AndroidManifest.xml:349:9-356:20
	android:enabled
		ADDED from src/main/AndroidManifest.xml:351:17-57
	android:label
		ADDED from src/main/AndroidManifest.xml:350:17-62
	android:name
		ADDED from src/main/AndroidManifest.xml:349:19-58
activity#com.example.android.apis.app.FragmentDialog
ADDED from src/main/AndroidManifest.xml:358:9-365:20
	android:enabled
		ADDED from src/main/AndroidManifest.xml:360:17-57
	android:label
		ADDED from src/main/AndroidManifest.xml:359:17-56
	android:name
		ADDED from src/main/AndroidManifest.xml:358:19-53
activity#com.example.android.apis.app.FragmentDialogOrActivity
ADDED from src/main/AndroidManifest.xml:367:9-374:20
	android:enabled
		ADDED from src/main/AndroidManifest.xml:369:17-57
	android:label
		ADDED from src/main/AndroidManifest.xml:368:17-68
	android:name
		ADDED from src/main/AndroidManifest.xml:367:19-63
activity#com.example.android.apis.app.FragmentLayout
ADDED from src/main/AndroidManifest.xml:376:9-383:20
	android:enabled
		ADDED from src/main/AndroidManifest.xml:378:17-57
	android:label
		ADDED from src/main/AndroidManifest.xml:377:17-56
	android:name
		ADDED from src/main/AndroidManifest.xml:376:19-53
activity#com.example.android.apis.app.FragmentLayout$DetailsActivity
ADDED from src/main/AndroidManifest.xml:385:9-386:60
	android:enabled
		ADDED from src/main/AndroidManifest.xml:386:17-57
	android:name
		ADDED from src/main/AndroidManifest.xml:385:19-69
activity#com.example.android.apis.app.FragmentListArray
ADDED from src/main/AndroidManifest.xml:388:9-395:20
	android:enabled
		ADDED from src/main/AndroidManifest.xml:390:17-57
	android:label
		ADDED from src/main/AndroidManifest.xml:389:17-60
	android:name
		ADDED from src/main/AndroidManifest.xml:388:19-56
activity#com.example.android.apis.app.FragmentMenu
ADDED from src/main/AndroidManifest.xml:397:9-404:20
	android:enabled
		ADDED from src/main/AndroidManifest.xml:399:17-57
	android:label
		ADDED from src/main/AndroidManifest.xml:398:17-54
	android:name
		ADDED from src/main/AndroidManifest.xml:397:19-51
activity#com.example.android.apis.app.FragmentNestingTabs
ADDED from src/main/AndroidManifest.xml:406:9-413:20
	android:enabled
		ADDED from src/main/AndroidManifest.xml:408:17-60
	android:label
		ADDED from src/main/AndroidManifest.xml:407:17-62
	android:name
		ADDED from src/main/AndroidManifest.xml:406:19-58
activity#com.example.android.apis.app.FragmentRetainInstance
ADDED from src/main/AndroidManifest.xml:415:9-422:20
	android:enabled
		ADDED from src/main/AndroidManifest.xml:417:17-57
	android:label
		ADDED from src/main/AndroidManifest.xml:416:17-65
	android:name
		ADDED from src/main/AndroidManifest.xml:415:19-61
activity#com.example.android.apis.app.FragmentReceiveResult
ADDED from src/main/AndroidManifest.xml:424:9-431:20
	android:enabled
		ADDED from src/main/AndroidManifest.xml:426:17-57
	android:label
		ADDED from src/main/AndroidManifest.xml:425:17-64
	android:name
		ADDED from src/main/AndroidManifest.xml:424:19-60
activity#com.example.android.apis.app.FragmentStack
ADDED from src/main/AndroidManifest.xml:433:9-440:20
	android:enabled
		ADDED from src/main/AndroidManifest.xml:435:17-57
	android:label
		ADDED from src/main/AndroidManifest.xml:434:17-55
	android:name
		ADDED from src/main/AndroidManifest.xml:433:19-52
activity#com.example.android.apis.app.FragmentTabs
ADDED from src/main/AndroidManifest.xml:442:9-449:20
	android:enabled
		ADDED from src/main/AndroidManifest.xml:444:17-57
	android:label
		ADDED from src/main/AndroidManifest.xml:443:17-54
	android:name
		ADDED from src/main/AndroidManifest.xml:442:19-51
activity#com.example.android.apis.app.LoaderCursor
ADDED from src/main/AndroidManifest.xml:453:9-460:20
	android:enabled
		ADDED from src/main/AndroidManifest.xml:455:17-57
	android:label
		ADDED from src/main/AndroidManifest.xml:454:17-54
	android:name
		ADDED from src/main/AndroidManifest.xml:453:19-51
activity#com.example.android.apis.app.LoaderCustom
ADDED from src/main/AndroidManifest.xml:462:9-469:20
	android:enabled
		ADDED from src/main/AndroidManifest.xml:464:17-57
	android:label
		ADDED from src/main/AndroidManifest.xml:463:17-54
	android:name
		ADDED from src/main/AndroidManifest.xml:462:19-51
activity#com.example.android.apis.app.LoaderThrottle
ADDED from src/main/AndroidManifest.xml:472:9-479:20
	android:enabled
		ADDED from src/main/AndroidManifest.xml:474:17-57
	android:label
		ADDED from src/main/AndroidManifest.xml:473:17-56
	android:name
		ADDED from src/main/AndroidManifest.xml:472:19-53
provider#com.example.android.apis.app.LoaderThrottle$SimpleProvider
ADDED from src/main/AndroidManifest.xml:480:9-482:62
	android:enabled
		ADDED from src/main/AndroidManifest.xml:482:19-59
	android:authorities
		ADDED from src/main/AndroidManifest.xml:481:19-84
	android:name
		ADDED from src/main/AndroidManifest.xml:480:19-68
activity#com.example.android.apis.app.LoaderRetained
ADDED from src/main/AndroidManifest.xml:485:9-492:20
	android:enabled
		ADDED from src/main/AndroidManifest.xml:487:17-57
	android:label
		ADDED from src/main/AndroidManifest.xml:486:17-56
	android:name
		ADDED from src/main/AndroidManifest.xml:485:19-53
activity#com.example.android.apis.app.Intents
ADDED from src/main/AndroidManifest.xml:496:9-501:20
	android:label
		ADDED from src/main/AndroidManifest.xml:496:47-87
	android:name
		ADDED from src/main/AndroidManifest.xml:496:19-46
activity#com.example.android.apis.app.IntentActivityFlags
ADDED from src/main/AndroidManifest.xml:503:9-509:20
	android:label
		ADDED from src/main/AndroidManifest.xml:504:17-71
	android:name
		ADDED from src/main/AndroidManifest.xml:503:19-58
service#com.example.android.apis.app.LocalService
ADDED from src/main/AndroidManifest.xml:513:9-81
	android:stopWithTask
		ADDED from src/main/AndroidManifest.xml:513:51-78
	android:name
		ADDED from src/main/AndroidManifest.xml:513:18-50
activity#com.example.android.apis.app.LocalServiceActivities$Controller
ADDED from src/main/AndroidManifest.xml:515:9-522:20
	android:label
		ADDED from src/main/AndroidManifest.xml:516:17-74
	android:launchMode
		ADDED from src/main/AndroidManifest.xml:517:17-47
	android:name
		ADDED from src/main/AndroidManifest.xml:515:19-72
activity#com.example.android.apis.app.LocalServiceActivities$Binding
ADDED from src/main/AndroidManifest.xml:524:9-530:20
	android:label
		ADDED from src/main/AndroidManifest.xml:525:17-71
	android:name
		ADDED from src/main/AndroidManifest.xml:524:19-69
service#com.example.android.apis.app.MessengerService
ADDED from src/main/AndroidManifest.xml:533:9-534:45
	android:process
		ADDED from src/main/AndroidManifest.xml:534:17-42
	android:name
		ADDED from src/main/AndroidManifest.xml:533:18-54
activity#com.example.android.apis.app.MessengerServiceActivities$Binding
ADDED from src/main/AndroidManifest.xml:537:9-543:20
	android:label
		ADDED from src/main/AndroidManifest.xml:538:17-75
	android:name
		ADDED from src/main/AndroidManifest.xml:537:19-73
service#com.example.android.apis.app.RemoteService
ADDED from src/main/AndroidManifest.xml:545:9-80
	android:process
		ADDED from src/main/AndroidManifest.xml:545:52-77
	android:name
		ADDED from src/main/AndroidManifest.xml:545:18-51
activity#com.example.android.apis.app.RemoteService$Controller
ADDED from src/main/AndroidManifest.xml:547:9-554:20
	android:label
		ADDED from src/main/AndroidManifest.xml:548:17-75
	android:launchMode
		ADDED from src/main/AndroidManifest.xml:549:17-47
	android:name
		ADDED from src/main/AndroidManifest.xml:547:19-63
activity#com.example.android.apis.app.RemoteService$Binding
ADDED from src/main/AndroidManifest.xml:556:9-562:20
	android:label
		ADDED from src/main/AndroidManifest.xml:557:17-72
	android:name
		ADDED from src/main/AndroidManifest.xml:556:19-60
activity#com.example.android.apis.app.RemoteService$BindingOptions
ADDED from src/main/AndroidManifest.xml:564:9-570:20
	android:label
		ADDED from src/main/AndroidManifest.xml:565:17-80
	android:name
		ADDED from src/main/AndroidManifest.xml:564:19-67
service#com.example.android.apis.app.ServiceStartArguments
ADDED from src/main/AndroidManifest.xml:572:9-62
	android:name
		ADDED from src/main/AndroidManifest.xml:572:18-59
activity#com.example.android.apis.app.ServiceStartArguments$Controller
ADDED from src/main/AndroidManifest.xml:574:9-581:20
	android:label
		ADDED from src/main/AndroidManifest.xml:575:17-84
	android:launchMode
		ADDED from src/main/AndroidManifest.xml:576:17-47
	android:name
		ADDED from src/main/AndroidManifest.xml:574:19-71
service#com.example.android.apis.app.JobWorkService
ADDED from src/main/AndroidManifest.xml:583:9-584:71
	android:permission
		ADDED from src/main/AndroidManifest.xml:584:13-69
	android:name
		ADDED from src/main/AndroidManifest.xml:583:18-52
activity#com.example.android.apis.app.JobWorkServiceActivity
ADDED from src/main/AndroidManifest.xml:586:9-593:20
	android:label
		ADDED from src/main/AndroidManifest.xml:587:13-62
	android:launchMode
		ADDED from src/main/AndroidManifest.xml:588:13-43
	android:name
		ADDED from src/main/AndroidManifest.xml:586:19-61
service#com.example.android.apis.app.ForegroundService
ADDED from src/main/AndroidManifest.xml:595:9-58
	android:name
		ADDED from src/main/AndroidManifest.xml:595:18-55
service#com.example.android.apis.app.ForegroundService2
ADDED from src/main/AndroidManifest.xml:596:9-59
	android:name
		ADDED from src/main/AndroidManifest.xml:596:18-56
activity#com.example.android.apis.app.ForegroundService$Controller
ADDED from src/main/AndroidManifest.xml:598:9-605:20
	android:label
		ADDED from src/main/AndroidManifest.xml:599:17-79
	android:launchMode
		ADDED from src/main/AndroidManifest.xml:600:17-47
	android:name
		ADDED from src/main/AndroidManifest.xml:598:19-67
activity#com.example.android.apis.app.IsolatedService$Controller
ADDED from src/main/AndroidManifest.xml:607:9-615:20
	android:enabled
		ADDED from src/main/AndroidManifest.xml:610:17-57
	android:label
		ADDED from src/main/AndroidManifest.xml:608:17-77
	android:launchMode
		ADDED from src/main/AndroidManifest.xml:609:17-47
	android:name
		ADDED from src/main/AndroidManifest.xml:607:19-65
service#com.example.android.apis.app.IsolatedService
ADDED from src/main/AndroidManifest.xml:617:9-618:60
	android:enabled
		ADDED from src/main/AndroidManifest.xml:618:17-57
	android:isolatedProcess
		ADDED from src/main/AndroidManifest.xml:617:54-84
	android:name
		ADDED from src/main/AndroidManifest.xml:617:18-53
service#com.example.android.apis.app.IsolatedService2
ADDED from src/main/AndroidManifest.xml:619:9-620:60
	android:enabled
		ADDED from src/main/AndroidManifest.xml:620:17-57
	android:isolatedProcess
		ADDED from src/main/AndroidManifest.xml:619:55-85
	android:name
		ADDED from src/main/AndroidManifest.xml:619:18-54
receiver#com.example.android.apis.app.OneShotAlarm
ADDED from src/main/AndroidManifest.xml:624:9-80
	android:process
		ADDED from src/main/AndroidManifest.xml:624:52-77
	android:name
		ADDED from src/main/AndroidManifest.xml:624:19-51
receiver#com.example.android.apis.app.RepeatingAlarm
ADDED from src/main/AndroidManifest.xml:626:9-82
	android:process
		ADDED from src/main/AndroidManifest.xml:626:54-79
	android:name
		ADDED from src/main/AndroidManifest.xml:626:19-53
activity#com.example.android.apis.app.AlarmController
ADDED from src/main/AndroidManifest.xml:628:9-633:20
	android:label
		ADDED from src/main/AndroidManifest.xml:628:55-104
	android:name
		ADDED from src/main/AndroidManifest.xml:628:19-54
service#com.example.android.apis.app.AlarmService_Service
ADDED from src/main/AndroidManifest.xml:635:9-87
	android:process
		ADDED from src/main/AndroidManifest.xml:635:59-84
	android:name
		ADDED from src/main/AndroidManifest.xml:635:18-58
activity#com.example.android.apis.app.AlarmService
ADDED from src/main/AndroidManifest.xml:637:9-642:20
	android:label
		ADDED from src/main/AndroidManifest.xml:637:52-98
	android:name
		ADDED from src/main/AndroidManifest.xml:637:19-51
receiver#com.example.android.apis.app.DoNothing
ADDED from src/main/AndroidManifest.xml:646:9-647:68
	android:process
		ADDED from src/main/AndroidManifest.xml:647:17-41
	android:exported
		ADDED from src/main/AndroidManifest.xml:647:42-65
	android:name
		ADDED from src/main/AndroidManifest.xml:646:19-48
activity#com.example.android.apis.accessibility.ClockBackActivity
ADDED from src/main/AndroidManifest.xml:653:9-659:20
	android:label
		ADDED from src/main/AndroidManifest.xml:654:13-58
	android:name
		ADDED from src/main/AndroidManifest.xml:653:19-66
service#com.example.android.apis.accessibility.ClockBackService
ADDED from src/main/AndroidManifest.xml:661:9-667:19
	android:label
		ADDED from src/main/AndroidManifest.xml:662:13-64
	android:permission
		ADDED from src/main/AndroidManifest.xml:663:13-79
	android:name
		ADDED from src/main/AndroidManifest.xml:661:18-64
intent-filter#action:name:android.accessibilityservice.AccessibilityService
ADDED from src/main/AndroidManifest.xml:664:13-666:29
action#android.accessibilityservice.AccessibilityService
ADDED from src/main/AndroidManifest.xml:665:17-92
	android:name
		ADDED from src/main/AndroidManifest.xml:665:25-89
service#com.example.android.apis.accessibility.MagnificationService
ADDED from src/main/AndroidManifest.xml:669:9-677:19
	android:label
		ADDED from src/main/AndroidManifest.xml:670:18-69
	android:permission
		ADDED from src/main/AndroidManifest.xml:671:18-84
	android:name
		ADDED from src/main/AndroidManifest.xml:669:18-68
meta-data#android.accessibilityservice
ADDED from src/main/AndroidManifest.xml:675:13-676:72
	android:resource
		ADDED from src/main/AndroidManifest.xml:676:24-69
	android:name
		ADDED from src/main/AndroidManifest.xml:675:24-67
activity#com.example.android.apis.accessibility.TaskListActivity
ADDED from src/main/AndroidManifest.xml:679:9-686:20
	android:enabled
		ADDED from src/main/AndroidManifest.xml:681:19-66
	android:label
		ADDED from src/main/AndroidManifest.xml:680:19-69
	android:name
		ADDED from src/main/AndroidManifest.xml:679:19-65
service#com.example.android.apis.accessibility.TaskBackService
ADDED from src/main/AndroidManifest.xml:688:9-698:19
	android:enabled
		ADDED from src/main/AndroidManifest.xml:690:18-65
	android:label
		ADDED from src/main/AndroidManifest.xml:689:18-74
	android:permission
		ADDED from src/main/AndroidManifest.xml:691:18-84
	android:name
		ADDED from src/main/AndroidManifest.xml:688:18-63
activity#com.example.android.apis.accessibility.CustomViewAccessibilityActivity
ADDED from src/main/AndroidManifest.xml:700:9-707:20
	android:enabled
		ADDED from src/main/AndroidManifest.xml:702:19-66
	android:label
		ADDED from src/main/AndroidManifest.xml:701:19-68